[2023-05-05 01:06:30,369] {taskinstance.py:1032} INFO - Dependencies all met for <TaskInstance: postgres_to_localfile.write_orders_to_file manual__2023-05-05T01:06:26.149563+00:00 [queued]>
[2023-05-05 01:06:30,380] {taskinstance.py:1032} INFO - Dependencies all met for <TaskInstance: postgres_to_localfile.write_orders_to_file manual__2023-05-05T01:06:26.149563+00:00 [queued]>
[2023-05-05 01:06:30,380] {taskinstance.py:1238} INFO - 
--------------------------------------------------------------------------------
[2023-05-05 01:06:30,381] {taskinstance.py:1239} INFO - Starting attempt 1 of 2
[2023-05-05 01:06:30,382] {taskinstance.py:1240} INFO - 
--------------------------------------------------------------------------------
[2023-05-05 01:06:30,391] {taskinstance.py:1259} INFO - Executing <Task(PythonOperator): write_orders_to_file> on 2023-05-05 01:06:26.149563+00:00
[2023-05-05 01:06:30,400] {standard_task_runner.py:52} INFO - Started process 3947 to run task
[2023-05-05 01:06:30,405] {standard_task_runner.py:76} INFO - Running: ['***', 'tasks', 'run', 'postgres_to_localfile', 'write_orders_to_file', 'manual__2023-05-05T01:06:26.149563+00:00', '--job-id', '48', '--raw', '--subdir', 'DAGS_FOLDER/load_from_postgres.py', '--cfg-path', '/tmp/tmpnshmkdog', '--error-file', '/tmp/tmppo_8t8fj']
[2023-05-05 01:06:30,407] {standard_task_runner.py:77} INFO - Job 48: Subtask write_orders_to_file
[2023-05-05 01:06:30,507] {logging_mixin.py:109} INFO - Running <TaskInstance: postgres_to_localfile.write_orders_to_file manual__2023-05-05T01:06:26.149563+00:00 [running]> on host ebd7ac88a2d5
[2023-05-05 01:06:30,548] {logging_mixin.py:109} WARNING - /usr/local/lib/python3.7/site-packages/***/models/xcom.py:323 SAWarning: TypeDecorator UtcDateTime(timezone=True) will not produce a cache key because the ``cache_ok`` attribute is not set to True.  This can have significant performance implications including some performance degradations in comparison to prior SQLAlchemy versions.  Set this attribute to True if this type object's state is safe to use in a cache key, or False to disable this warning. (Background on this error at: https://sqlalche.me/e/14/cprf)
[2023-05-05 01:06:30,573] {logging_mixin.py:109} WARNING - /usr/local/lib/python3.7/site-packages/***/models/renderedtifields.py:126 SAWarning: TypeDecorator UtcDateTime(timezone=True) will not produce a cache key because the ``cache_ok`` attribute is not set to True.  This can have significant performance implications including some performance degradations in comparison to prior SQLAlchemy versions.  Set this attribute to True if this type object's state is safe to use in a cache key, or False to disable this warning. (Background on this error at: https://sqlalche.me/e/14/cprf)
[2023-05-05 01:06:30,581] {logging_mixin.py:109} WARNING - /usr/local/lib/python3.7/site-packages/***/models/renderedtifields.py:162 SAWarning: Coercing Subquery object into a select() for use in IN(); please pass a select() construct explicitly
[2023-05-05 01:06:30,594] {logging_mixin.py:109} WARNING - /usr/local/lib/python3.7/site-packages/***/models/renderedtifields.py:163 SAWarning: TypeDecorator UtcDateTime(timezone=True) will not produce a cache key because the ``cache_ok`` attribute is not set to True.  This can have significant performance implications including some performance degradations in comparison to prior SQLAlchemy versions.  Set this attribute to True if this type object's state is safe to use in a cache key, or False to disable this warning. (Background on this error at: https://sqlalche.me/e/14/cprf)
[2023-05-05 01:06:30,601] {taskinstance.py:1426} INFO - Exporting the following env vars:
AIRFLOW_CTX_DAG_EMAIL=***@example.com
AIRFLOW_CTX_DAG_OWNER=***
AIRFLOW_CTX_DAG_ID=postgres_to_localfile
AIRFLOW_CTX_TASK_ID=write_orders_to_file
AIRFLOW_CTX_EXECUTION_DATE=2023-05-05T01:06:26.149563+00:00
AIRFLOW_CTX_DAG_RUN_ID=manual__2023-05-05T01:06:26.149563+00:00
[2023-05-05 01:06:30,618] {base.py:79} INFO - Using connection to: id: postgres_local. Host: host.docker.internal, Port: 5432, Schema: sample_source_db, Login: ***, Password: ***, extra: {}
[2023-05-05 01:06:30,639] {sql.py:375} INFO - Running statement: SELECT * FROM orders, parameters: None
[2023-05-05 01:06:30,643] {sql.py:384} INFO - Rows affected: 10
[2023-05-05 01:06:30,645] {python.py:175} INFO - Done. Returned value was: None
[2023-05-05 01:06:30,687] {taskinstance.py:1277} INFO - Marking task as SUCCESS. dag_id=postgres_to_localfile, task_id=write_orders_to_file, execution_date=20230505T010626, start_date=20230505T010630, end_date=20230505T010630
[2023-05-05 01:06:30,737] {local_task_job.py:154} INFO - Task exited with return code 0
[2023-05-05 01:06:30,801] {logging_mixin.py:109} WARNING - /usr/local/lib/python3.7/site-packages/***/models/dagrun.py:926 SAWarning: TypeDecorator UtcDateTime(timezone=True) will not produce a cache key because the ``cache_ok`` attribute is not set to True.  This can have significant performance implications including some performance degradations in comparison to prior SQLAlchemy versions.  Set this attribute to True if this type object's state is safe to use in a cache key, or False to disable this warning. (Background on this error at: https://sqlalche.me/e/14/cprf)
[2023-05-05 01:06:30,806] {local_task_job.py:264} INFO - 1 downstream tasks scheduled from follow-on schedule check
[2023-05-05 01:06:30,807] {logging_mixin.py:109} WARNING - /usr/local/lib/python3.7/site-packages/***/models/dag.py:1076 SADeprecationWarning: Query.value() is deprecated and will be removed in a future release.  Please use Query.with_entities() in combination with Query.scalar() (deprecated since: 1.4)
[2023-05-05 01:06:30,808] {logging_mixin.py:109} WARNING - /usr/local/lib/python3.7/site-packages/***/models/dag.py:1076 SADeprecationWarning: Query.values() is deprecated and will be removed in a future release.  Please use Query.with_entities() (deprecated since: 1.4)
