[2023-05-05 05:29:10,557] {taskinstance.py:1032} INFO - Dependencies all met for <TaskInstance: postgres_pipeline.write_suppliers_to_file manual__2023-05-05T05:28:50.315153+00:00 [queued]>
[2023-05-05 05:29:10,569] {taskinstance.py:1032} INFO - Dependencies all met for <TaskInstance: postgres_pipeline.write_suppliers_to_file manual__2023-05-05T05:28:50.315153+00:00 [queued]>
[2023-05-05 05:29:10,570] {taskinstance.py:1238} INFO - 
--------------------------------------------------------------------------------
[2023-05-05 05:29:10,570] {taskinstance.py:1239} INFO - Starting attempt 1 of 2
[2023-05-05 05:29:10,570] {taskinstance.py:1240} INFO - 
--------------------------------------------------------------------------------
[2023-05-05 05:29:10,581] {taskinstance.py:1259} INFO - Executing <Task(PythonOperator): write_suppliers_to_file> on 2023-05-05 05:28:50.315153+00:00
[2023-05-05 05:29:10,584] {standard_task_runner.py:52} INFO - Started process 6335 to run task
[2023-05-05 05:29:10,587] {standard_task_runner.py:76} INFO - Running: ['***', 'tasks', 'run', 'postgres_pipeline', 'write_suppliers_to_file', 'manual__2023-05-05T05:28:50.315153+00:00', '--job-id', '173', '--raw', '--subdir', 'DAGS_FOLDER/load_from_postgres.py', '--cfg-path', '/tmp/tmpl8vrs5pw', '--error-file', '/tmp/tmpl954ghmv']
[2023-05-05 05:29:10,589] {standard_task_runner.py:77} INFO - Job 173: Subtask write_suppliers_to_file
[2023-05-05 05:29:10,682] {logging_mixin.py:109} INFO - Running <TaskInstance: postgres_pipeline.write_suppliers_to_file manual__2023-05-05T05:28:50.315153+00:00 [running]> on host ccbba2675476
[2023-05-05 05:29:10,738] {logging_mixin.py:109} WARNING - /usr/local/lib/python3.7/site-packages/***/models/xcom.py:323 SAWarning: TypeDecorator UtcDateTime(timezone=True) will not produce a cache key because the ``cache_ok`` attribute is not set to True.  This can have significant performance implications including some performance degradations in comparison to prior SQLAlchemy versions.  Set this attribute to True if this type object's state is safe to use in a cache key, or False to disable this warning. (Background on this error at: https://sqlalche.me/e/14/cprf)
[2023-05-05 05:29:10,764] {logging_mixin.py:109} WARNING - /usr/local/lib/python3.7/site-packages/***/models/renderedtifields.py:126 SAWarning: TypeDecorator UtcDateTime(timezone=True) will not produce a cache key because the ``cache_ok`` attribute is not set to True.  This can have significant performance implications including some performance degradations in comparison to prior SQLAlchemy versions.  Set this attribute to True if this type object's state is safe to use in a cache key, or False to disable this warning. (Background on this error at: https://sqlalche.me/e/14/cprf)
[2023-05-05 05:29:10,774] {logging_mixin.py:109} WARNING - /usr/local/lib/python3.7/site-packages/***/models/renderedtifields.py:162 SAWarning: Coercing Subquery object into a select() for use in IN(); please pass a select() construct explicitly
[2023-05-05 05:29:10,789] {logging_mixin.py:109} WARNING - /usr/local/lib/python3.7/site-packages/***/models/renderedtifields.py:163 SAWarning: TypeDecorator UtcDateTime(timezone=True) will not produce a cache key because the ``cache_ok`` attribute is not set to True.  This can have significant performance implications including some performance degradations in comparison to prior SQLAlchemy versions.  Set this attribute to True if this type object's state is safe to use in a cache key, or False to disable this warning. (Background on this error at: https://sqlalche.me/e/14/cprf)
[2023-05-05 05:29:10,799] {taskinstance.py:1426} INFO - Exporting the following env vars:
AIRFLOW_CTX_DAG_EMAIL=***@example.com
AIRFLOW_CTX_DAG_OWNER=***
AIRFLOW_CTX_DAG_ID=postgres_pipeline
AIRFLOW_CTX_TASK_ID=write_suppliers_to_file
AIRFLOW_CTX_EXECUTION_DATE=2023-05-05T05:28:50.315153+00:00
AIRFLOW_CTX_DAG_RUN_ID=manual__2023-05-05T05:28:50.315153+00:00
[2023-05-05 05:29:10,819] {base.py:79} INFO - Using connection to: id: postgres_local. Host: host.docker.internal, Port: 5432, Schema: sample_source_db, Login: ***, Password: ***, extra: {}
[2023-05-05 05:29:10,831] {sql.py:375} INFO - Running statement: SELECT * FROM suppliers, parameters: None
[2023-05-05 05:29:10,833] {sql.py:384} INFO - Rows affected: 5
[2023-05-05 05:29:10,836] {python.py:175} INFO - Done. Returned value was: None
[2023-05-05 05:29:10,856] {taskinstance.py:1277} INFO - Marking task as SUCCESS. dag_id=postgres_pipeline, task_id=write_suppliers_to_file, execution_date=20230505T052850, start_date=20230505T052910, end_date=20230505T052910
[2023-05-05 05:29:10,879] {local_task_job.py:154} INFO - Task exited with return code 0
[2023-05-05 05:29:10,941] {local_task_job.py:264} INFO - 0 downstream tasks scheduled from follow-on schedule check
[2023-05-05 05:29:10,944] {logging_mixin.py:109} WARNING - /usr/local/lib/python3.7/site-packages/***/models/dag.py:1076 SADeprecationWarning: Query.value() is deprecated and will be removed in a future release.  Please use Query.with_entities() in combination with Query.scalar() (deprecated since: 1.4)
[2023-05-05 05:29:10,948] {logging_mixin.py:109} WARNING - /usr/local/lib/python3.7/site-packages/***/models/dag.py:1076 SADeprecationWarning: Query.values() is deprecated and will be removed in a future release.  Please use Query.with_entities() (deprecated since: 1.4)
