[2023-05-05 02:46:03,561] {logging_mixin.py:109} WARNING - /usr/local/lib/python3.7/site-packages/***/models/taskinstance.py:2210 SAWarning: TypeDecorator UtcDateTime(timezone=True) will not produce a cache key because the ``cache_ok`` attribute is not set to True.  This can have significant performance implications including some performance degradations in comparison to prior SQLAlchemy versions.  Set this attribute to True if this type object's state is safe to use in a cache key, or False to disable this warning. (Background on this error at: https://sqlalche.me/e/14/cprf)
[2023-05-05 02:46:03,565] {taskinstance.py:1032} INFO - Dependencies all met for <TaskInstance: file_sensor_example.copy_file manual__2023-05-05T02:45:26.720588+00:00 [queued]>
[2023-05-05 02:46:03,577] {taskinstance.py:1032} INFO - Dependencies all met for <TaskInstance: file_sensor_example.copy_file manual__2023-05-05T02:45:26.720588+00:00 [queued]>
[2023-05-05 02:46:03,578] {taskinstance.py:1238} INFO - 
--------------------------------------------------------------------------------
[2023-05-05 02:46:03,578] {taskinstance.py:1239} INFO - Starting attempt 1 of 2
[2023-05-05 02:46:03,579] {taskinstance.py:1240} INFO - 
--------------------------------------------------------------------------------
[2023-05-05 02:46:03,591] {taskinstance.py:1259} INFO - Executing <Task(PythonOperator): copy_file> on 2023-05-05 02:45:26.720588+00:00
[2023-05-05 02:46:03,594] {standard_task_runner.py:52} INFO - Started process 7173 to run task
[2023-05-05 02:46:03,597] {standard_task_runner.py:76} INFO - Running: ['***', 'tasks', 'run', 'file_sensor_example', 'copy_file', 'manual__2023-05-05T02:45:26.720588+00:00', '--job-id', '149', '--raw', '--subdir', 'DAGS_FOLDER/sensor_sample.py', '--cfg-path', '/tmp/tmp6gx6mw2u', '--error-file', '/tmp/tmpo9e8153r']
[2023-05-05 02:46:03,599] {standard_task_runner.py:77} INFO - Job 149: Subtask copy_file
[2023-05-05 02:46:03,675] {logging_mixin.py:109} INFO - Running <TaskInstance: file_sensor_example.copy_file manual__2023-05-05T02:45:26.720588+00:00 [running]> on host ebd7ac88a2d5
[2023-05-05 02:46:03,743] {logging_mixin.py:109} WARNING - /usr/local/lib/python3.7/site-packages/***/models/xcom.py:323 SAWarning: TypeDecorator UtcDateTime(timezone=True) will not produce a cache key because the ``cache_ok`` attribute is not set to True.  This can have significant performance implications including some performance degradations in comparison to prior SQLAlchemy versions.  Set this attribute to True if this type object's state is safe to use in a cache key, or False to disable this warning. (Background on this error at: https://sqlalche.me/e/14/cprf)
[2023-05-05 02:46:03,761] {logging_mixin.py:109} WARNING - /usr/local/lib/python3.7/site-packages/***/models/renderedtifields.py:126 SAWarning: TypeDecorator UtcDateTime(timezone=True) will not produce a cache key because the ``cache_ok`` attribute is not set to True.  This can have significant performance implications including some performance degradations in comparison to prior SQLAlchemy versions.  Set this attribute to True if this type object's state is safe to use in a cache key, or False to disable this warning. (Background on this error at: https://sqlalche.me/e/14/cprf)
[2023-05-05 02:46:03,769] {logging_mixin.py:109} WARNING - /usr/local/lib/python3.7/site-packages/***/models/renderedtifields.py:162 SAWarning: Coercing Subquery object into a select() for use in IN(); please pass a select() construct explicitly
[2023-05-05 02:46:03,783] {logging_mixin.py:109} WARNING - /usr/local/lib/python3.7/site-packages/***/models/renderedtifields.py:163 SAWarning: TypeDecorator UtcDateTime(timezone=True) will not produce a cache key because the ``cache_ok`` attribute is not set to True.  This can have significant performance implications including some performance degradations in comparison to prior SQLAlchemy versions.  Set this attribute to True if this type object's state is safe to use in a cache key, or False to disable this warning. (Background on this error at: https://sqlalche.me/e/14/cprf)
[2023-05-05 02:46:03,793] {taskinstance.py:1426} INFO - Exporting the following env vars:
AIRFLOW_CTX_DAG_EMAIL=***@example.com
AIRFLOW_CTX_DAG_OWNER=***
AIRFLOW_CTX_DAG_ID=file_sensor_example
AIRFLOW_CTX_TASK_ID=copy_file
AIRFLOW_CTX_EXECUTION_DATE=2023-05-05T02:45:26.720588+00:00
AIRFLOW_CTX_DAG_RUN_ID=manual__2023-05-05T02:45:26.720588+00:00
[2023-05-05 02:46:03,801] {logging_mixin.py:109} INFO - Copied test_file7.txt to /app/datalake/bronze/sensor_sample
[2023-05-05 02:46:03,801] {python.py:175} INFO - Done. Returned value was: None
[2023-05-05 02:46:03,825] {taskinstance.py:1277} INFO - Marking task as SUCCESS. dag_id=file_sensor_example, task_id=copy_file, execution_date=20230505T024526, start_date=20230505T024603, end_date=20230505T024603
[2023-05-05 02:46:03,849] {local_task_job.py:154} INFO - Task exited with return code 0
[2023-05-05 02:46:03,915] {local_task_job.py:264} INFO - 0 downstream tasks scheduled from follow-on schedule check
[2023-05-05 02:46:03,917] {logging_mixin.py:109} WARNING - /usr/local/lib/python3.7/site-packages/***/models/dag.py:1076 SADeprecationWarning: Query.value() is deprecated and will be removed in a future release.  Please use Query.with_entities() in combination with Query.scalar() (deprecated since: 1.4)
[2023-05-05 02:46:03,918] {logging_mixin.py:109} WARNING - /usr/local/lib/python3.7/site-packages/***/models/dag.py:1076 SADeprecationWarning: Query.values() is deprecated and will be removed in a future release.  Please use Query.with_entities() (deprecated since: 1.4)
