[2023-05-05 05:29:16,766] {taskinstance.py:1032} INFO - Dependencies all met for <TaskInstance: postgres_pipeline.create_customer_orders_table manual__2023-05-05T05:28:50.315153+00:00 [queued]>
[2023-05-05 05:29:16,782] {taskinstance.py:1032} INFO - Dependencies all met for <TaskInstance: postgres_pipeline.create_customer_orders_table manual__2023-05-05T05:28:50.315153+00:00 [queued]>
[2023-05-05 05:29:16,783] {taskinstance.py:1238} INFO - 
--------------------------------------------------------------------------------
[2023-05-05 05:29:16,783] {taskinstance.py:1239} INFO - Starting attempt 1 of 2
[2023-05-05 05:29:16,784] {taskinstance.py:1240} INFO - 
--------------------------------------------------------------------------------
[2023-05-05 05:29:16,797] {taskinstance.py:1259} INFO - Executing <Task(PostgresOperator): create_customer_orders_table> on 2023-05-05 05:28:50.315153+00:00
[2023-05-05 05:29:16,800] {standard_task_runner.py:52} INFO - Started process 6340 to run task
[2023-05-05 05:29:16,804] {standard_task_runner.py:76} INFO - Running: ['***', 'tasks', 'run', 'postgres_pipeline', 'create_customer_orders_table', 'manual__2023-05-05T05:28:50.315153+00:00', '--job-id', '175', '--raw', '--subdir', 'DAGS_FOLDER/load_from_postgres.py', '--cfg-path', '/tmp/tmpzm5zpov6', '--error-file', '/tmp/tmp4yqw351a']
[2023-05-05 05:29:16,805] {standard_task_runner.py:77} INFO - Job 175: Subtask create_customer_orders_table
[2023-05-05 05:29:16,889] {logging_mixin.py:109} INFO - Running <TaskInstance: postgres_pipeline.create_customer_orders_table manual__2023-05-05T05:28:50.315153+00:00 [running]> on host ccbba2675476
[2023-05-05 05:29:16,930] {logging_mixin.py:109} WARNING - /usr/local/lib/python3.7/site-packages/***/models/xcom.py:323 SAWarning: TypeDecorator UtcDateTime(timezone=True) will not produce a cache key because the ``cache_ok`` attribute is not set to True.  This can have significant performance implications including some performance degradations in comparison to prior SQLAlchemy versions.  Set this attribute to True if this type object's state is safe to use in a cache key, or False to disable this warning. (Background on this error at: https://sqlalche.me/e/14/cprf)
[2023-05-05 05:29:16,948] {logging_mixin.py:109} WARNING - /usr/local/lib/python3.7/site-packages/***/models/renderedtifields.py:126 SAWarning: TypeDecorator UtcDateTime(timezone=True) will not produce a cache key because the ``cache_ok`` attribute is not set to True.  This can have significant performance implications including some performance degradations in comparison to prior SQLAlchemy versions.  Set this attribute to True if this type object's state is safe to use in a cache key, or False to disable this warning. (Background on this error at: https://sqlalche.me/e/14/cprf)
[2023-05-05 05:29:16,956] {logging_mixin.py:109} WARNING - /usr/local/lib/python3.7/site-packages/***/models/renderedtifields.py:162 SAWarning: Coercing Subquery object into a select() for use in IN(); please pass a select() construct explicitly
[2023-05-05 05:29:16,969] {logging_mixin.py:109} WARNING - /usr/local/lib/python3.7/site-packages/***/models/renderedtifields.py:163 SAWarning: TypeDecorator UtcDateTime(timezone=True) will not produce a cache key because the ``cache_ok`` attribute is not set to True.  This can have significant performance implications including some performance degradations in comparison to prior SQLAlchemy versions.  Set this attribute to True if this type object's state is safe to use in a cache key, or False to disable this warning. (Background on this error at: https://sqlalche.me/e/14/cprf)
[2023-05-05 05:29:16,976] {taskinstance.py:1426} INFO - Exporting the following env vars:
AIRFLOW_CTX_DAG_EMAIL=***@example.com
AIRFLOW_CTX_DAG_OWNER=***
AIRFLOW_CTX_DAG_ID=postgres_pipeline
AIRFLOW_CTX_TASK_ID=create_customer_orders_table
AIRFLOW_CTX_EXECUTION_DATE=2023-05-05T05:28:50.315153+00:00
AIRFLOW_CTX_DAG_RUN_ID=manual__2023-05-05T05:28:50.315153+00:00
[2023-05-05 05:29:16,994] {base.py:79} INFO - Using connection to: id: postgres_local. Host: host.docker.internal, Port: 5432, Schema: sample_source_db, Login: ***, Password: ***, extra: {}
[2023-05-05 05:29:17,007] {sql.py:375} INFO - Running statement: 
    create table if not exists customer_orders as 
    SELECT
        c.customerid, firstname, lastname, email,
        orderdate, totalamount, current_timestamp as load_ts
    FROM customers c
    INNER JOIN orders o
        ON c.customerid = o.customerid
    LIMIT 0;
    , parameters: None
[2023-05-05 05:29:17,009] {postgres.py:96} INFO - NOTICE:  relation "customer_orders" already exists, skipping

[2023-05-05 05:29:17,028] {taskinstance.py:1277} INFO - Marking task as SUCCESS. dag_id=postgres_pipeline, task_id=create_customer_orders_table, execution_date=20230505T052850, start_date=20230505T052916, end_date=20230505T052917
[2023-05-05 05:29:17,057] {local_task_job.py:154} INFO - Task exited with return code 0
[2023-05-05 05:29:17,105] {local_task_job.py:264} INFO - 1 downstream tasks scheduled from follow-on schedule check
[2023-05-05 05:29:17,106] {logging_mixin.py:109} WARNING - /usr/local/lib/python3.7/site-packages/***/models/dag.py:1076 SADeprecationWarning: Query.value() is deprecated and will be removed in a future release.  Please use Query.with_entities() in combination with Query.scalar() (deprecated since: 1.4)
[2023-05-05 05:29:17,107] {logging_mixin.py:109} WARNING - /usr/local/lib/python3.7/site-packages/***/models/dag.py:1076 SADeprecationWarning: Query.values() is deprecated and will be removed in a future release.  Please use Query.with_entities() (deprecated since: 1.4)
