[2023-05-05 01:55:47,428] {taskinstance.py:1032} INFO - Dependencies all met for <TaskInstance: file_sensor_example.file_sensor manual__2023-05-05T01:55:47.096489+00:00 [queued]>
[2023-05-05 01:55:47,436] {taskinstance.py:1032} INFO - Dependencies all met for <TaskInstance: file_sensor_example.file_sensor manual__2023-05-05T01:55:47.096489+00:00 [queued]>
[2023-05-05 01:55:47,437] {taskinstance.py:1238} INFO - 
--------------------------------------------------------------------------------
[2023-05-05 01:55:47,438] {taskinstance.py:1239} INFO - Starting attempt 1 of 2
[2023-05-05 01:55:47,438] {taskinstance.py:1240} INFO - 
--------------------------------------------------------------------------------
[2023-05-05 01:55:47,450] {taskinstance.py:1259} INFO - Executing <Task(FileSensor): file_sensor> on 2023-05-05 01:55:47.096489+00:00
[2023-05-05 01:55:47,453] {standard_task_runner.py:52} INFO - Started process 5667 to run task
[2023-05-05 01:55:47,456] {standard_task_runner.py:76} INFO - Running: ['***', 'tasks', 'run', 'file_sensor_example', 'file_sensor', 'manual__2023-05-05T01:55:47.096489+00:00', '--job-id', '140', '--raw', '--subdir', 'DAGS_FOLDER/sensor_sample.py', '--cfg-path', '/tmp/tmpv0cjzwyg', '--error-file', '/tmp/tmpfvtu0gvv']
[2023-05-05 01:55:47,457] {standard_task_runner.py:77} INFO - Job 140: Subtask file_sensor
[2023-05-05 01:55:47,538] {logging_mixin.py:109} INFO - Running <TaskInstance: file_sensor_example.file_sensor manual__2023-05-05T01:55:47.096489+00:00 [running]> on host ebd7ac88a2d5
[2023-05-05 01:55:47,583] {logging_mixin.py:109} WARNING - /usr/local/lib/python3.7/site-packages/***/models/xcom.py:323 SAWarning: TypeDecorator UtcDateTime(timezone=True) will not produce a cache key because the ``cache_ok`` attribute is not set to True.  This can have significant performance implications including some performance degradations in comparison to prior SQLAlchemy versions.  Set this attribute to True if this type object's state is safe to use in a cache key, or False to disable this warning. (Background on this error at: https://sqlalche.me/e/14/cprf)
[2023-05-05 01:55:47,605] {logging_mixin.py:109} WARNING - /usr/local/lib/python3.7/site-packages/***/models/renderedtifields.py:126 SAWarning: TypeDecorator UtcDateTime(timezone=True) will not produce a cache key because the ``cache_ok`` attribute is not set to True.  This can have significant performance implications including some performance degradations in comparison to prior SQLAlchemy versions.  Set this attribute to True if this type object's state is safe to use in a cache key, or False to disable this warning. (Background on this error at: https://sqlalche.me/e/14/cprf)
[2023-05-05 01:55:47,615] {logging_mixin.py:109} WARNING - /usr/local/lib/python3.7/site-packages/***/models/renderedtifields.py:162 SAWarning: Coercing Subquery object into a select() for use in IN(); please pass a select() construct explicitly
[2023-05-05 01:55:47,627] {logging_mixin.py:109} WARNING - /usr/local/lib/python3.7/site-packages/***/models/renderedtifields.py:163 SAWarning: TypeDecorator UtcDateTime(timezone=True) will not produce a cache key because the ``cache_ok`` attribute is not set to True.  This can have significant performance implications including some performance degradations in comparison to prior SQLAlchemy versions.  Set this attribute to True if this type object's state is safe to use in a cache key, or False to disable this warning. (Background on this error at: https://sqlalche.me/e/14/cprf)
[2023-05-05 01:55:47,634] {taskinstance.py:1426} INFO - Exporting the following env vars:
AIRFLOW_CTX_DAG_EMAIL=***@example.com
AIRFLOW_CTX_DAG_OWNER=***
AIRFLOW_CTX_DAG_ID=file_sensor_example
AIRFLOW_CTX_TASK_ID=file_sensor
AIRFLOW_CTX_EXECUTION_DATE=2023-05-05T01:55:47.096489+00:00
AIRFLOW_CTX_DAG_RUN_ID=manual__2023-05-05T01:55:47.096489+00:00
[2023-05-05 01:55:47,649] {filesystem.py:59} INFO - Poking for file /app/source/sensors_sample
[2023-05-05 01:55:47,650] {base.py:249} INFO - Success criteria met. Exiting.
[2023-05-05 01:55:47,668] {taskinstance.py:1277} INFO - Marking task as SUCCESS. dag_id=file_sensor_example, task_id=file_sensor, execution_date=20230505T015547, start_date=20230505T015547, end_date=20230505T015547
[2023-05-05 01:55:47,712] {local_task_job.py:154} INFO - Task exited with return code 0
[2023-05-05 01:55:47,759] {logging_mixin.py:109} WARNING - /usr/local/lib/python3.7/site-packages/***/models/taskinstance.py:2210 SAWarning: TypeDecorator UtcDateTime(timezone=True) will not produce a cache key because the ``cache_ok`` attribute is not set to True.  This can have significant performance implications including some performance degradations in comparison to prior SQLAlchemy versions.  Set this attribute to True if this type object's state is safe to use in a cache key, or False to disable this warning. (Background on this error at: https://sqlalche.me/e/14/cprf)
[2023-05-05 01:55:47,765] {local_task_job.py:264} INFO - 1 downstream tasks scheduled from follow-on schedule check
[2023-05-05 01:55:47,766] {logging_mixin.py:109} WARNING - /usr/local/lib/python3.7/site-packages/***/models/dag.py:1076 SADeprecationWarning: Query.value() is deprecated and will be removed in a future release.  Please use Query.with_entities() in combination with Query.scalar() (deprecated since: 1.4)
[2023-05-05 01:55:47,767] {logging_mixin.py:109} WARNING - /usr/local/lib/python3.7/site-packages/***/models/dag.py:1076 SADeprecationWarning: Query.values() is deprecated and will be removed in a future release.  Please use Query.with_entities() (deprecated since: 1.4)
