[2023-05-05 01:30:07,898] {taskinstance.py:1032} INFO - Dependencies all met for <TaskInstance: postgres_pipeline.query_products manual__2023-05-05T01:30:06.195269+00:00 [queued]>
[2023-05-05 01:30:07,910] {taskinstance.py:1032} INFO - Dependencies all met for <TaskInstance: postgres_pipeline.query_products manual__2023-05-05T01:30:06.195269+00:00 [queued]>
[2023-05-05 01:30:07,911] {taskinstance.py:1238} INFO - 
--------------------------------------------------------------------------------
[2023-05-05 01:30:07,911] {taskinstance.py:1239} INFO - Starting attempt 1 of 2
[2023-05-05 01:30:07,912] {taskinstance.py:1240} INFO - 
--------------------------------------------------------------------------------
[2023-05-05 01:30:07,933] {taskinstance.py:1259} INFO - Executing <Task(PostgresOperator): query_products> on 2023-05-05 01:30:06.195269+00:00
[2023-05-05 01:30:07,936] {standard_task_runner.py:52} INFO - Started process 4799 to run task
[2023-05-05 01:30:07,946] {standard_task_runner.py:76} INFO - Running: ['***', 'tasks', 'run', 'postgres_pipeline', 'query_products', 'manual__2023-05-05T01:30:06.195269+00:00', '--job-id', '97', '--raw', '--subdir', 'DAGS_FOLDER/load_from_postgres.py', '--cfg-path', '/tmp/tmpwh0ac9ua', '--error-file', '/tmp/tmp_b_llsu4']
[2023-05-05 01:30:07,947] {standard_task_runner.py:77} INFO - Job 97: Subtask query_products
[2023-05-05 01:30:08,027] {logging_mixin.py:109} INFO - Running <TaskInstance: postgres_pipeline.query_products manual__2023-05-05T01:30:06.195269+00:00 [running]> on host ebd7ac88a2d5
[2023-05-05 01:30:08,073] {logging_mixin.py:109} WARNING - /usr/local/lib/python3.7/site-packages/***/models/xcom.py:323 SAWarning: TypeDecorator UtcDateTime(timezone=True) will not produce a cache key because the ``cache_ok`` attribute is not set to True.  This can have significant performance implications including some performance degradations in comparison to prior SQLAlchemy versions.  Set this attribute to True if this type object's state is safe to use in a cache key, or False to disable this warning. (Background on this error at: https://sqlalche.me/e/14/cprf)
[2023-05-05 01:30:08,093] {logging_mixin.py:109} WARNING - /usr/local/lib/python3.7/site-packages/***/models/renderedtifields.py:126 SAWarning: TypeDecorator UtcDateTime(timezone=True) will not produce a cache key because the ``cache_ok`` attribute is not set to True.  This can have significant performance implications including some performance degradations in comparison to prior SQLAlchemy versions.  Set this attribute to True if this type object's state is safe to use in a cache key, or False to disable this warning. (Background on this error at: https://sqlalche.me/e/14/cprf)
[2023-05-05 01:30:08,100] {logging_mixin.py:109} WARNING - /usr/local/lib/python3.7/site-packages/***/models/renderedtifields.py:162 SAWarning: Coercing Subquery object into a select() for use in IN(); please pass a select() construct explicitly
[2023-05-05 01:30:08,114] {logging_mixin.py:109} WARNING - /usr/local/lib/python3.7/site-packages/***/models/renderedtifields.py:163 SAWarning: TypeDecorator UtcDateTime(timezone=True) will not produce a cache key because the ``cache_ok`` attribute is not set to True.  This can have significant performance implications including some performance degradations in comparison to prior SQLAlchemy versions.  Set this attribute to True if this type object's state is safe to use in a cache key, or False to disable this warning. (Background on this error at: https://sqlalche.me/e/14/cprf)
[2023-05-05 01:30:08,122] {taskinstance.py:1426} INFO - Exporting the following env vars:
AIRFLOW_CTX_DAG_EMAIL=***@example.com
AIRFLOW_CTX_DAG_OWNER=***
AIRFLOW_CTX_DAG_ID=postgres_pipeline
AIRFLOW_CTX_TASK_ID=query_products
AIRFLOW_CTX_EXECUTION_DATE=2023-05-05T01:30:06.195269+00:00
AIRFLOW_CTX_DAG_RUN_ID=manual__2023-05-05T01:30:06.195269+00:00
[2023-05-05 01:30:08,137] {base.py:79} INFO - Using connection to: id: postgres_local. Host: host.docker.internal, Port: 5432, Schema: sample_source_db, Login: ***, Password: ***, extra: {}
[2023-05-05 01:30:08,147] {sql.py:375} INFO - Running statement: SELECT * FROM products;, parameters: None
[2023-05-05 01:30:08,150] {sql.py:384} INFO - Rows affected: 10
[2023-05-05 01:30:08,170] {taskinstance.py:1277} INFO - Marking task as SUCCESS. dag_id=postgres_pipeline, task_id=query_products, execution_date=20230505T013006, start_date=20230505T013007, end_date=20230505T013008
[2023-05-05 01:30:08,192] {local_task_job.py:154} INFO - Task exited with return code 0
[2023-05-05 01:30:08,260] {local_task_job.py:264} INFO - 1 downstream tasks scheduled from follow-on schedule check
[2023-05-05 01:30:08,263] {logging_mixin.py:109} WARNING - /usr/local/lib/python3.7/site-packages/***/models/dag.py:1076 SADeprecationWarning: Query.value() is deprecated and will be removed in a future release.  Please use Query.with_entities() in combination with Query.scalar() (deprecated since: 1.4)
[2023-05-05 01:30:08,264] {logging_mixin.py:109} WARNING - /usr/local/lib/python3.7/site-packages/***/models/dag.py:1076 SADeprecationWarning: Query.values() is deprecated and will be removed in a future release.  Please use Query.with_entities() (deprecated since: 1.4)
